<?xml version="1.0" encoding="UTF-8"?>
<!-- Generated by org.testng.reporters.JUnitReportReporter -->
<testsuite hostname="JaWuans-MacBook-Air.local" failures="0" tests="10" name="NewTest" time="0.066" errors="0" timestamp="2022-04-11T16:23:56 EDT" skipped="0">
  <testcase classname="NewTest" name="makeIncorrect" time="0.004"/>
  <system-out/>
  <testcase classname="NewTest" name="showsNestedForLoop" time="0.005"/>
  <system-out/>
  <testcase classname="NewTest" name="assertDblEquals" time="0.018"/>
  <system-out/>
  <testcase classname="NewTest" name="useIfElse" time="0.003"/>
  <system-out/>
  <testcase classname="NewTest" name="usesAnd" time="0.005"/>
  <system-out/>
  <testcase classname="NewTest" name="equalSameValue" time="0.005"/>
  <system-out/>
  <testcase classname="NewTest" name="showsIncrease" time="0.008"/>
  <system-out/>
  <testcase classname="NewTest" name="usesOr" time="0.004"/>
  <system-out/>
  <testcase classname="NewTest" name="canEqualSame" time="0.008"/>
  <system-out/>
  <testcase classname="NewTest" name="useIf" time="0.006"/>
  <system-out/>
</testsuite> <!-- NewTest -->
