<?xml version="1.0" encoding="UTF-8"?>
<!-- Generated by org.testng.reporters.JUnitReportReporter -->
<testsuite hostname="JaWuans-MacBook-Air.local" failures="0" tests="1" name="CarTests" time="0.012" errors="0" timestamp="2022-04-09T15:44:50 EDT" skipped="0">
  <testcase classname="CarTests" name="canBuildCar" time="0.012"/>
  <system-out/>
</testsuite> <!-- CarTests -->
